<?xml version="1.0" encoding="UTF-8"?>
<testng-results skipped="0" failed="0" ignored="0" total="1" passed="1">
  <reporter-output>
  </reporter-output>
  <suite name="Surefire suite" duration-ms="35099" started-at="2022-10-05T01:06:29 IST" finished-at="2022-10-05T01:07:04 IST">
    <groups>
    </groups>
    <test name="Surefire test" duration-ms="35099" started-at="2022-10-05T01:06:29 IST" finished-at="2022-10-05T01:07:04 IST">
      <class name="CucumberFramework.AppTest">
        <test-method status="PASS" signature="testApp()" name="testApp" duration-ms="9" started-at="2022-10-05T01:06:29 IST" finished-at="2022-10-05T01:06:29 IST">
          <reporter-output>
          </reporter-output>
        </test-method> <!-- testApp -->
      </class> <!-- CucumberFramework.AppTest -->
    </test> <!-- Surefire test -->
  </suite> <!-- Surefire suite -->
</testng-results>
